<?xml version="1.0" encoding="UTF-8"?>
<testsuite name="Chapter1.CheckPermutationSolverTests" tests="1" skipped="0" failures="0" errors="0" timestamp="2022-12-18T22:30:04" hostname="Kurts-MacBook-Pro.local" time="0.02">
  <properties/>
  <testcase name="testUniqueWithMap()[jvm]" classname="Chapter1.CheckPermutationSolverTests" time="0.02"/>
  <system-out><![CDATA[]]></system-out>
  <system-err><![CDATA[]]></system-err>
</testsuite>
